# JRE version: 7.0_11-b21
# Java VM: Java HotSpot(TM) 64-Bit Server VM (23.6-b04 mixed mode windows-amd64 compressed oops)
Heap
 PSYoungGen      total 85952K, used 14747K [0x00000000fa000000, 0x0000000100000000, 0x0000000100000000)
  eden space 74752K, 8% used [0x00000000fa000000,0x00000000fa62d108,0x00000000fe900000)
  from space 11200K, 75% used [0x00000000ff510000,0x00000000ffd49e70,0x0000000100000000)
  to   space 11776K, 0% used [0x00000000fe900000,0x00000000fe900000,0x00000000ff480000)
 ParOldGen       total 65536K, used 56797K [0x00000000e8000000, 0x00000000ec000000, 0x00000000fa000000)
  object space 65536K, 86% used [0x00000000e8000000,0x00000000eb777518,0x00000000ec000000)
 PSPermGen       total 94272K, used 58510K [0x00000000e0000000, 0x00000000e5c10000, 0x00000000e8000000)
  object space 94272K, 62% used [0x00000000e0000000,0x00000000e3923b08,0x00000000e5c10000)
GC Heap History (10 events):
Event: 113.853 GC heap before
{Heap before GC invocations=35 (full 1):
 PSYoungGen      total 90048K, used 89381K [0x00000000fa000000, 0x0000000100000000, 0x0000000100000000)
  eden space 82688K, 100% used [0x00000000fa000000,0x00000000ff0c0000,0x00000000ff0c0000)
  from space 7360K, 90% used [0x00000000ff0c0000,0x00000000ff749658,0x00000000ff7f0000)
  to   space 8128K, 0% used [0x00000000ff810000,0x00000000ff810000,0x0000000100000000)
 ParOldGen       total 65536K, used 55245K [0x00000000e8000000, 0x00000000ec000000, 0x00000000fa000000)
  object space 65536K, 84% used [0x00000000e8000000,0x00000000eb5f3778,0x00000000ec000000)
 PSPermGen       total 94272K, used 57579K [0x00000000e0000000, 0x00000000e5c10000, 0x00000000e8000000)
  object space 94272K, 61% used [0x00000000e0000000,0x00000000e383aec8,0x00000000e5c10000)
Event: 113.871 GC heap after
Heap after GC invocations=35 (full 1):
 PSYoungGen      total 87744K, used 8114K [0x00000000fa000000, 0x0000000100000000, 0x0000000100000000)
  eden space 79616K, 0% used [0x00000000fa000000,0x00000000fa000000,0x00000000fedc0000)
  from space 8128K, 99% used [0x00000000ff810000,0x00000000ffffc9e0,0x0000000100000000)
  to   space 9344K, 0% used [0x00000000fedc0000,0x00000000fedc0000,0x00000000ff6e0000)
 ParOldGen       total 65536K, used 55417K [0x00000000e8000000, 0x00000000ec000000, 0x00000000fa000000)
  object space 65536K, 84% used [0x00000000e8000000,0x00000000eb61e4d8,0x00000000ec000000)
 PSPermGen       total 94272K, used 57579K [0x00000000e0000000, 0x00000000e5c10000, 0x00000000e8000000)
  object space 94272K, 61% used [0x00000000e0000000,0x00000000e383aec8,0x00000000e5c10000)
}
Event: 176.724 GC heap before
{Heap before GC invocations=36 (full 1):
 PSYoungGen      total 87744K, used 87730K [0x00000000fa000000, 0x0000000100000000, 0x0000000100000000)
  eden space 79616K, 100% used [0x00000000fa000000,0x00000000fedc0000,0x00000000fedc0000)
  from space 8128K, 99% used [0x00000000ff810000,0x00000000ffffc9e0,0x0000000100000000)
  to   space 9344K, 0% used [0x00000000fedc0000,0x00000000fedc0000,0x00000000ff6e0000)
 ParOldGen       total 65536K, used 55417K [0x00000000e8000000, 0x00000000ec000000, 0x00000000fa000000)
  object space 65536K, 84% used [0x00000000e8000000,0x00000000eb61e4d8,0x00000000ec000000)
 PSPermGen       total 94272K, used 58074K [0x00000000e0000000, 0x00000000e5c10000, 0x00000000e8000000)
  object space 94272K, 61% used [0x00000000e0000000,0x00000000e38b6a78,0x00000000e5c10000)
Event: 176.744 GC heap after
Heap after GC invocations=36 (full 1):
 PSYoungGen      total 87680K, used 8026K [0x00000000fa000000, 0x0000000100000000, 0x0000000100000000)
  eden space 79616K, 0% used [0x00000000fa000000,0x00000000fa000000,0x00000000fedc0000)
  from space 8064K, 99% used [0x00000000fedc0000,0x00000000ff596858,0x00000000ff5a0000)
  to   space 10176K, 0% used [0x00000000ff610000,0x00000000ff610000,0x0000000100000000)
 ParOldGen       total 65536K, used 56789K [0x00000000e8000000, 0x00000000ec000000, 0x00000000fa000000)
  object space 65536K, 86% used [0x00000000e8000000,0x00000000eb775518,0x00000000ec000000)
 PSPermGen       total 94272K, used 58074K [0x00000000e0000000, 0x00000000e5c10000, 0x00000000e8000000)
  object space 94272K, 61% used [0x00000000e0000000,0x00000000e38b6a78,0x00000000e5c10000)
}
Event: 363.564 GC heap before
{Heap before GC invocations=37 (full 1):
 PSYoungGen      total 87680K, used 87642K [0x00000000fa000000, 0x0000000100000000, 0x0000000100000000)
  eden space 79616K, 100% used [0x00000000fa000000,0x00000000fedc0000,0x00000000fedc0000)
  from space 8064K, 99% used [0x00000000fedc0000,0x00000000ff596858,0x00000000ff5a0000)
  to   space 10176K, 0% used [0x00000000ff610000,0x00000000ff610000,0x0000000100000000)
 ParOldGen       total 65536K, used 56789K [0x00000000e8000000, 0x00000000ec000000, 0x00000000fa000000)
  object space 65536K, 86% used [0x00000000e8000000,0x00000000eb775518,0x00000000ec000000)
 PSPermGen       total 94272K, used 58203K [0x00000000e0000000, 0x00000000e5c10000, 0x00000000e8000000)
  object space 94272K, 61% used [0x00000000e0000000,0x00000000e38d6f80,0x00000000e5c10000)
Event: 363.593 GC heap after
Heap after GC invocations=37 (full 1):
 PSYoungGen      total 86976K, used 7706K [0x00000000fa000000, 0x0000000100000000, 0x0000000100000000)
  eden space 76800K, 0% used [0x00000000fa000000,0x00000000fa000000,0x00000000feb00000)
  from space 10176K, 75% used [0x00000000ff610000,0x00000000ffd96858,0x0000000100000000)
  to   space 10752K, 0% used [0x00000000feb00000,0x00000000feb00000,0x00000000ff580000)
 ParOldGen       total 65536K, used 56797K [0x00000000e8000000, 0x00000000ec000000, 0x00000000fa000000)
  object space 65536K, 86% used [0x00000000e8000000,0x00000000eb777518,0x00000000ec000000)
 PSPermGen       total 94272K, used 58203K [0x00000000e0000000, 0x00000000e5c10000, 0x00000000e8000000)
  object space 94272K, 61% used [0x00000000e0000000,0x00000000e38d6f80,0x00000000e5c10000)
}
Event: 426.678 GC heap before
{Heap before GC invocations=38 (full 1):
 PSYoungGen      total 86976K, used 84506K [0x00000000fa000000, 0x0000000100000000, 0x0000000100000000)
  eden space 76800K, 100% used [0x00000000fa000000,0x00000000feb00000,0x00000000feb00000)
  from space 10176K, 75% used [0x00000000ff610000,0x00000000ffd96858,0x0000000100000000)
  to   space 10752K, 0% used [0x00000000feb00000,0x00000000feb00000,0x00000000ff580000)
 ParOldGen       total 65536K, used 56797K [0x00000000e8000000, 0x00000000ec000000, 0x00000000fa000000)
  object space 65536K, 86% used [0x00000000e8000000,0x00000000eb777518,0x00000000ec000000)
 PSPermGen       total 94272K, used 58308K [0x00000000e0000000, 0x00000000e5c10000, 0x00000000e8000000)
  object space 94272K, 61% used [0x00000000e0000000,0x00000000e38f10c0,0x00000000e5c10000)
Event: 426.705 GC heap after
Heap after GC invocations=38 (full 1):
 PSYoungGen      total 84608K, used 7783K [0x00000000fa000000, 0x0000000100000000, 0x0000000100000000)
  eden space 76800K, 0% used [0x00000000fa000000,0x00000000fa000000,0x00000000feb00000)
  from space 7808K, 99% used [0x00000000feb00000,0x00000000ff299e70,0x00000000ff2a0000)
  to   space 11200K, 0% used [0x00000000ff510000,0x00000000ff510000,0x0000000100000000)
 ParOldGen       total 65536K, used 56797K [0x00000000e8000000, 0x00000000ec000000, 0x00000000fa000000)
  object space 65536K, 86% used [0x00000000e8000000,0x00000000eb777518,0x00000000ec000000)
 PSPermGen       total 94272K, used 58308K [0x00000000e0000000, 0x00000000e5c10000, 0x00000000e8000000)
  object space 94272K, 61% used [0x00000000e0000000,0x00000000e38f10c0,0x00000000e5c10000)
}
Event: 439.678 GC heap before
{Heap before GC invocations=39 (full 1):
 PSYoungGen      total 84608K, used 84583K [0x00000000fa000000, 0x0000000100000000, 0x0000000100000000)
  eden space 76800K, 100% used [0x00000000fa000000,0x00000000feb00000,0x00000000feb00000)
  from space 7808K, 99% used [0x00000000feb00000,0x00000000ff299e70,0x00000000ff2a0000)
  to   space 11200K, 0% used [0x00000000ff510000,0x00000000ff510000,0x0000000100000000)
 ParOldGen       total 65536K, used 56797K [0x00000000e8000000, 0x00000000ec000000, 0x00000000fa000000)
  object space 65536K, 86% used [0x00000000e8000000,0x00000000eb777518,0x00000000ec000000)
 PSPermGen       total 94272K, used 58510K [0x00000000e0000000, 0x00000000e5c10000, 0x00000000e8000000)
  object space 94272K, 62% used [0x00000000e0000000,0x00000000e39238b8,0x00000000e5c10000)
Event: 439.696 GC heap after
Heap after GC invocations=39 (full 1):
 PSYoungGen      total 85952K, used 8423K [0x00000000fa000000, 0x0000000100000000, 0x0000000100000000)
  eden space 74752K, 0% used [0x00000000fa000000,0x00000000fa000000,0x00000000fe900000)
  from space 11200K, 75% used [0x00000000ff510000,0x00000000ffd49e70,0x0000000100000000)
  to   space 11776K, 0% used [0x00000000fe900000,0x00000000fe900000,0x00000000ff480000)
 ParOldGen       total 65536K, used 56797K [0x00000000e8000000, 0x00000000ec000000, 0x00000000fa000000)
  object space 65536K, 86% used [0x00000000e8000000,0x00000000eb777518,0x00000000ec000000)
 PSPermGen       total 94272K, used 58510K [0x00000000e0000000, 0x00000000e5c10000, 0x00000000e8000000)
  object space 94272K, 62% used [0x00000000e0000000,0x00000000e39238b8,0x00000000e5c10000)
}

