# JRE version: 7.0_11-b21
# Java VM: Java HotSpot(TM) 64-Bit Server VM (23.6-b04 mixed mode windows-amd64 compressed oops)
Heap
 PSYoungGen      total 38464K, used 18526K [0x00000000fa000000, 0x00000000fcdd0000, 0x0000000100000000)
  eden space 32448K, 41% used [0x00000000fa000000,0x00000000fad0dcb8,0x00000000fbfb0000)
  from space 6016K, 85% used [0x00000000fc7f0000,0x00000000fccf9f20,0x00000000fcdd0000)
  to   space 7232K, 0% used [0x00000000fbfb0000,0x00000000fbfb0000,0x00000000fc6c0000)
 ParOldGen       total 72256K, used 67066K [0x00000000e8000000, 0x00000000ec690000, 0x00000000fa000000)
  object space 72256K, 92% used [0x00000000e8000000,0x00000000ec17e9b8,0x00000000ec690000)
 PSPermGen       total 93376K, used 60956K [0x00000000e0000000, 0x00000000e5b30000, 0x00000000e8000000)
  object space 93376K, 65% used [0x00000000e0000000,0x00000000e3b87048,0x00000000e5b30000)
GC Heap History (10 events):
Event: 1525.474 GC heap before
{Heap before GC invocations=71 (full 1):
 PSYoungGen      total 42112K, used 42087K [0x00000000fa000000, 0x00000000fd430000, 0x0000000100000000)
  eden space 37952K, 100% used [0x00000000fa000000,0x00000000fc510000,0x00000000fc510000)
  from space 4160K, 99% used [0x00000000fc640000,0x00000000fca49eb0,0x00000000fca50000)
  to   space 7744K, 0% used [0x00000000fcca0000,0x00000000fcca0000,0x00000000fd430000)
 ParOldGen       total 72256K, used 65614K [0x00000000e8000000, 0x00000000ec690000, 0x00000000fa000000)
  object space 72256K, 90% used [0x00000000e8000000,0x00000000ec013a40,0x00000000ec690000)
 PSPermGen       total 93376K, used 60889K [0x00000000e0000000, 0x00000000e5b30000, 0x00000000e8000000)
  object space 93376K, 65% used [0x00000000e0000000,0x00000000e3b76670,0x00000000e5b30000)
Event: 1525.487 GC heap after
Heap after GC invocations=71 (full 1):
 PSYoungGen      total 43008K, used 4823K [0x00000000fa000000, 0x00000000fd2c0000, 0x0000000100000000)
  eden space 36736K, 0% used [0x00000000fa000000,0x00000000fa000000,0x00000000fc3e0000)
  from space 6272K, 76% used [0x00000000fcca0000,0x00000000fd155c50,0x00000000fd2c0000)
  to   space 7616K, 0% used [0x00000000fc3e0000,0x00000000fc3e0000,0x00000000fcb50000)
 ParOldGen       total 72256K, used 66770K [0x00000000e8000000, 0x00000000ec690000, 0x00000000fa000000)
  object space 72256K, 92% used [0x00000000e8000000,0x00000000ec134a70,0x00000000ec690000)
 PSPermGen       total 93376K, used 60889K [0x00000000e0000000, 0x00000000e5b30000, 0x00000000e8000000)
  object space 93376K, 65% used [0x00000000e0000000,0x00000000e3b76670,0x00000000e5b30000)
}
Event: 1583.087 GC heap before
{Heap before GC invocations=72 (full 1):
 PSYoungGen      total 43008K, used 41559K [0x00000000fa000000, 0x00000000fd2c0000, 0x0000000100000000)
  eden space 36736K, 100% used [0x00000000fa000000,0x00000000fc3e0000,0x00000000fc3e0000)
  from space 6272K, 76% used [0x00000000fcca0000,0x00000000fd155c50,0x00000000fd2c0000)
  to   space 7616K, 0% used [0x00000000fc3e0000,0x00000000fc3e0000,0x00000000fcb50000)
 ParOldGen       total 72256K, used 66770K [0x00000000e8000000, 0x00000000ec690000, 0x00000000fa000000)
  object space 72256K, 92% used [0x00000000e8000000,0x00000000ec134a70,0x00000000ec690000)
 PSPermGen       total 93376K, used 60918K [0x00000000e0000000, 0x00000000e5b30000, 0x00000000e8000000)
  object space 93376K, 65% used [0x00000000e0000000,0x00000000e3b7d980,0x00000000e5b30000)
Event: 1583.100 GC heap after
Heap after GC invocations=72 (full 1):
 PSYoungGen      total 40128K, used 4526K [0x00000000fa000000, 0x00000000fd160000, 0x0000000100000000)
  eden space 35584K, 0% used [0x00000000fa000000,0x00000000fa000000,0x00000000fc2c0000)
  from space 4544K, 99% used [0x00000000fc3e0000,0x00000000fc84bb88,0x00000000fc850000)
  to   space 7488K, 0% used [0x00000000fca10000,0x00000000fca10000,0x00000000fd160000)
 ParOldGen       total 72256K, used 66810K [0x00000000e8000000, 0x00000000ec690000, 0x00000000fa000000)
  object space 72256K, 92% used [0x00000000e8000000,0x00000000ec13e9b8,0x00000000ec690000)
 PSPermGen       total 93376K, used 60918K [0x00000000e0000000, 0x00000000e5b30000, 0x00000000e8000000)
  object space 93376K, 65% used [0x00000000e0000000,0x00000000e3b7d980,0x00000000e5b30000)
}
Event: 1637.485 GC heap before
{Heap before GC invocations=73 (full 1):
 PSYoungGen      total 40128K, used 40110K [0x00000000fa000000, 0x00000000fd160000, 0x0000000100000000)
  eden space 35584K, 100% used [0x00000000fa000000,0x00000000fc2c0000,0x00000000fc2c0000)
  from space 4544K, 99% used [0x00000000fc3e0000,0x00000000fc84bb88,0x00000000fc850000)
  to   space 7488K, 0% used [0x00000000fca10000,0x00000000fca10000,0x00000000fd160000)
 ParOldGen       total 72256K, used 66810K [0x00000000e8000000, 0x00000000ec690000, 0x00000000fa000000)
  object space 72256K, 92% used [0x00000000e8000000,0x00000000ec13e9b8,0x00000000ec690000)
 PSPermGen       total 93376K, used 60953K [0x00000000e0000000, 0x00000000e5b30000, 0x00000000e8000000)
  object space 93376K, 65% used [0x00000000e0000000,0x00000000e3b864d8,0x00000000e5b30000)
Event: 1637.499 GC heap after
Heap after GC invocations=73 (full 1):
 PSYoungGen      total 41152K, used 6237K [0x00000000fa000000, 0x00000000fd090000, 0x0000000100000000)
  eden space 34496K, 0% used [0x00000000fa000000,0x00000000fa000000,0x00000000fc1b0000)
  from space 6656K, 93% used [0x00000000fca10000,0x00000000fd0277d8,0x00000000fd090000)
  to   space 7616K, 0% used [0x00000000fc1b0000,0x00000000fc1b0000,0x00000000fc920000)
 ParOldGen       total 72256K, used 66978K [0x00000000e8000000, 0x00000000ec690000, 0x00000000fa000000)
  object space 72256K, 92% used [0x00000000e8000000,0x00000000ec1689b8,0x00000000ec690000)
 PSPermGen       total 93376K, used 60953K [0x00000000e0000000, 0x00000000e5b30000, 0x00000000e8000000)
  object space 93376K, 65% used [0x00000000e0000000,0x00000000e3b864d8,0x00000000e5b30000)
}
Event: 1715.268 GC heap before
{Heap before GC invocations=74 (full 1):
 PSYoungGen      total 41152K, used 40733K [0x00000000fa000000, 0x00000000fd090000, 0x0000000100000000)
  eden space 34496K, 100% used [0x00000000fa000000,0x00000000fc1b0000,0x00000000fc1b0000)
  from space 6656K, 93% used [0x00000000fca10000,0x00000000fd0277d8,0x00000000fd090000)
  to   space 7616K, 0% used [0x00000000fc1b0000,0x00000000fc1b0000,0x00000000fc920000)
 ParOldGen       total 72256K, used 66978K [0x00000000e8000000, 0x00000000ec690000, 0x00000000fa000000)
  object space 72256K, 92% used [0x00000000e8000000,0x00000000ec1689b8,0x00000000ec690000)
 PSPermGen       total 93376K, used 60954K [0x00000000e0000000, 0x00000000e5b30000, 0x00000000e8000000)
  object space 93376K, 65% used [0x00000000e0000000,0x00000000e3b86910,0x00000000e5b30000)
Event: 1715.279 GC heap after
Heap after GC invocations=74 (full 1):
 PSYoungGen      total 38656K, used 5137K [0x00000000fa000000, 0x00000000fcf30000, 0x0000000100000000)
  eden space 33472K, 0% used [0x00000000fa000000,0x00000000fa000000,0x00000000fc0b0000)
  from space 5184K, 99% used [0x00000000fc1b0000,0x00000000fc6b4640,0x00000000fc6c0000)
  to   space 7424K, 0% used [0x00000000fc7f0000,0x00000000fc7f0000,0x00000000fcf30000)
 ParOldGen       total 72256K, used 66986K [0x00000000e8000000, 0x00000000ec690000, 0x00000000fa000000)
  object space 72256K, 92% used [0x00000000e8000000,0x00000000ec16a9b8,0x00000000ec690000)
 PSPermGen       total 93376K, used 60954K [0x00000000e0000000, 0x00000000e5b30000, 0x00000000e8000000)
  object space 93376K, 65% used [0x00000000e0000000,0x00000000e3b86910,0x00000000e5b30000)
}
Event: 1719.037 GC heap before
{Heap before GC invocations=75 (full 1):
 PSYoungGen      total 38656K, used 38609K [0x00000000fa000000, 0x00000000fcf30000, 0x0000000100000000)
  eden space 33472K, 100% used [0x00000000fa000000,0x00000000fc0b0000,0x00000000fc0b0000)
  from space 5184K, 99% used [0x00000000fc1b0000,0x00000000fc6b4640,0x00000000fc6c0000)
  to   space 7424K, 0% used [0x00000000fc7f0000,0x00000000fc7f0000,0x00000000fcf30000)
 ParOldGen       total 72256K, used 66986K [0x00000000e8000000, 0x00000000ec690000, 0x00000000fa000000)
  object space 72256K, 92% used [0x00000000e8000000,0x00000000ec16a9b8,0x00000000ec690000)
 PSPermGen       total 93376K, used 60956K [0x00000000e0000000, 0x00000000e5b30000, 0x00000000e8000000)
  object space 93376K, 65% used [0x00000000e0000000,0x00000000e3b87048,0x00000000e5b30000)
Event: 1719.049 GC heap after
Heap after GC invocations=75 (full 1):
 PSYoungGen      total 38464K, used 5159K [0x00000000fa000000, 0x00000000fcdd0000, 0x0000000100000000)
  eden space 32448K, 0% used [0x00000000fa000000,0x00000000fa000000,0x00000000fbfb0000)
  from space 6016K, 85% used [0x00000000fc7f0000,0x00000000fccf9f20,0x00000000fcdd0000)
  to   space 7232K, 0% used [0x00000000fbfb0000,0x00000000fbfb0000,0x00000000fc6c0000)
 ParOldGen       total 72256K, used 67066K [0x00000000e8000000, 0x00000000ec690000, 0x00000000fa000000)
  object space 72256K, 92% used [0x00000000e8000000,0x00000000ec17e9b8,0x00000000ec690000)
 PSPermGen       total 93376K, used 60956K [0x00000000e0000000, 0x00000000e5b30000, 0x00000000e8000000)
  object space 93376K, 65% used [0x00000000e0000000,0x00000000e3b87048,0x00000000e5b30000)
}

